<?xml version="1.0" encoding="UTF-8"?>
<!-- Generated by org.testng.reporters.JUnitReportReporter -->
<testsuite hostname="DESKTOP-PU497JM" failures="0" tests="1" name="test.TC003_SelectHotelPageTest" time="8.732" errors="0" timestamp="2024-12-14T16:35:04 IST" skipped="0">
  <testcase classname="test.TC003_SelectHotelPageTest" name="SelectHotelPageTest" time="8.732"/>
</testsuite> <!-- test.TC003_SelectHotelPageTest -->
