<?xml version="1.0" encoding="UTF-8"?>
<!-- Generated by org.testng.reporters.JUnitReportReporter -->
<testsuite hostname="DESKTOP-PU497JM" failures="0" tests="1" name="test.TC001_LoginTest" time="12.797" errors="0" timestamp="2024-11-24T18:04:28 IST" skipped="0">
  <testcase classname="test.TC001_LoginTest" name="LoginTest" time="12.797"/>
</testsuite> <!-- test.TC001_LoginTest -->
