<?xml version="1.0" encoding="UTF-8"?>
<!-- Generated by org.testng.reporters.JUnitReportReporter -->
<testsuite hostname="DESKTOP-PU497JM" failures="0" tests="1" name="test.TC002_SearchTest" time="10.448" errors="0" timestamp="2024-12-14T16:35:04 IST" skipped="0">
  <testcase classname="test.TC002_SearchTest" name="SearchTest" time="10.448"/>
</testsuite> <!-- test.TC002_SearchTest -->
