<?xml version="1.0" encoding="UTF-8"?>
<!-- Generated by org.testng.reporters.JUnitReportReporter -->
<testsuite hostname="DESKTOP-PU497JM" failures="0" tests="1" name="test.TC005_ConfirmationPageTest" time="20.748" errors="0" timestamp="2024-12-14T16:09:03 IST" skipped="0">
  <testcase classname="test.TC005_ConfirmationPageTest" name="ConfirmationPageTest" time="20.748"/>
</testsuite> <!-- test.TC005_ConfirmationPageTest -->
