<?xml version="1.0" encoding="UTF-8"?>
<!-- Generated by org.testng.reporters.JUnitReportReporter -->
<testsuite hostname="DESKTOP-PU497JM" failures="0" tests="1" name="test.TC006_BookedIternaryTest" time="35.873" errors="0" timestamp="2024-11-24T19:22:36 IST" skipped="0">
  <testcase classname="test.TC006_BookedIternaryTest" name="LoginTest" time="35.873"/>
</testsuite> <!-- test.TC006_BookedIternaryTest -->
