<?xml version="1.0" encoding="UTF-8"?>
<!-- Generated by org.testng.reporters.JUnitReportReporter -->
<testsuite hostname="DESKTOP-PU497JM" failures="0" tests="1" name="test.TC009_BookAndCancelTest" time="26.744" errors="0" timestamp="2024-12-14T16:09:03 IST" skipped="0">
  <testcase classname="test.TC009_BookAndCancelTest" name="BookAndCancelTest" time="26.744"/>
</testsuite> <!-- test.TC009_BookAndCancelTest -->
