<?xml version="1.0" encoding="UTF-8"?>
<!-- Generated by org.testng.reporters.JUnitReportReporter -->
<testsuite hostname="DESKTOP-PU497JM" failures="0" tests="1" name="test.TC002_SearchTest" time="24.770" errors="0" timestamp="2024-11-24T19:40:34 IST" skipped="0">
  <testcase classname="test.TC002_SearchTest" name="SearchTest" time="24.770"/>
</testsuite> <!-- test.TC002_SearchTest -->
