<?xml version="1.0" encoding="UTF-8"?>
<!-- Generated by org.testng.reporters.JUnitReportReporter -->
<testsuite hostname="DESKTOP-PU497JM" failures="0" tests="1" name="test.TC004_BookHotelPageTest" time="14.864" errors="0" timestamp="2024-12-14T16:09:02 IST" skipped="0">
  <testcase classname="test.TC004_BookHotelPageTest" name="BookHotelPageTest" time="14.864"/>
</testsuite> <!-- test.TC004_BookHotelPageTest -->
