<?xml version="1.0" encoding="UTF-8"?>
<!-- Generated by org.testng.reporters.JUnitReportReporter -->
<testsuite hostname="DESKTOP-PU497JM" failures="0" tests="1" name="test.TC007_LogoutTest" time="9.901" errors="0" timestamp="2024-12-14T16:09:03 IST" skipped="0">
  <testcase classname="test.TC007_LogoutTest" name="LogoutTest" time="9.901"/>
</testsuite> <!-- test.TC007_LogoutTest -->
