<?xml version="1.0" encoding="UTF-8"?>
<!-- Generated by org.testng.reporters.JUnitReportReporter -->
<testsuite hostname="DESKTOP-PU497JM" failures="0" tests="1" name="test.TC008_BookAndConfirmTest" time="26.093" errors="0" timestamp="2024-12-14T16:09:03 IST" skipped="0">
  <testcase classname="test.TC008_BookAndConfirmTest" name="BookAndConfirmTest" time="26.093"/>
</testsuite> <!-- test.TC008_BookAndConfirmTest -->
